This is TeX, C Version 3.141 (format=lplain 92.11.11)  15 DEC 1993 13:36
**millerg
(millerg.tex
LaTeX Version 2.09 <7 Dec 1989>
(/usr/local/lib/tex/inputs/article.sty
Document Style `article' <16 Mar 88>.
(/usr/local/lib/tex/inputs/art11.sty)
\c@part=\count79
\c@section=\count80
\c@subsection=\count81
\c@subsubsection=\count82
\c@paragraph=\count83
\c@subparagraph=\count84
\c@figure=\count85
\c@table=\count86
) (paspconf.sty
PASP conference proceedings substyle, v1.6 <12 Aug 93>.
\@temptokenb=\toks11
\lecurrentfam=\count87
)
No file millerg.aux.
[1

] [2] [3]
Overfull \hbox (3.08086pt too wide) in paragraph at lines 196--203
[]  \elvbf Ac-knowl-edg-ments.[] \elvrm We thank Mark John-ston, Bob Hanisch, R
on Gilliland,

\hbox(7.60416+2.12917)x379.4175, glue set - 1.0
.\hbox(0.0+0.0)x21.90005
.\glue -21.90005
.\glue 12.59242
.\elvbf A
.\discretionary replacing 2
..\elvbf c
..\elvbf -
.etc.

[4] (millerg.aux) ) 
Here is how much of TeX's memory you used:
 269 strings out of 11986
 2375 string characters out of 87287
 33635 words of memory out of 262141
 2220 multiletter control sequences out of 9500
 19297 words of font info for 73 fonts, out of 100000 for 255
 14 hyphenation exceptions out of 607
 12i,4n,15p,157b,147s stack positions out of 300i,40n,60p,3000b,4000s

Output written on millerg.dvi (4 pages, 14172 bytes).
