This is TeX, C Version 3.141 (format=lplain 92.11.11)  15 DEC 1993 13:58
**notes
(notes.tex
LaTeX Version 2.09 <7 Dec 1989>
(/usr/local/lib/tex/inputs/article.sty
Document Style `article' <16 Mar 88>.
(/usr/local/lib/tex/inputs/art10.sty)
\c@part=\count79
\c@section=\count80
\c@subsection=\count81
\c@subsubsection=\count82
\c@paragraph=\count83
\c@subparagraph=\count84
\c@figure=\count85
\c@table=\count86
) (aaai90.sty
Conference Style for AAAI-90 -- released 1 March 1990
\titlebox=\skip41
) (notes.aux) [1



] [2]
LaTeX Warning: \tiny in math mode..

Underfull \vbox (badness 5374) has occurred while \output is active
\vbox(643.20255+0.0)x236.14235, glue set 3.77507
.\vbox(129.24448+0.0)x236.14235
..\glue 10.0
..\hbox(6.94444+1.94444)x236.14235, glue set 30.446fil
...\glue 0.0 plus 1.0fil
...\hbox(6.94444+1.94444)x175.25037 []
...\glue 0.0 plus 1.0fil
..\penalty -51
..\glue 5.0 plus 1.5 minus 2.5
..\glue 0.0
..etc.
.\glue 12.0 plus 2.0 minus 2.0
.\vbox(195.24448+0.0)x236.14235
..\glue 10.0
..\hbox(6.94444+1.94444)x236.14235, glue set 16.1543fil
...\glue 0.0 plus 1.0fil
...\hbox(6.94444+1.94444)x203.83377 []
...\glue 0.0 plus 1.0fil
..\penalty -51
..\glue 5.0 plus 1.5 minus 2.5
..\glue 0.0
..etc.
.\glue 12.0 plus 2.0 minus 2.0
.\glue -12.0 plus -2.0 minus -2.0
.etc.

 [3]
[4

] (notes.aux) ) 
Here is how much of TeX's memory you used:
 152 strings out of 11986
 1429 string characters out of 87287
 39822 words of memory out of 262141
 2101 multiletter control sequences out of 9500
 18996 words of font info for 72 fonts, out of 100000 for 255
 14 hyphenation exceptions out of 607
 12i,10n,15p,148b,376s stack positions out of 300i,40n,60p,3000b,4000s

Output written on notes.dvi (4 pages, 20256 bytes).
